{"C:\\Users\\noell\\Downloads\\NastaLektionApiV1\\NastaLektionApiV1\\src\\index.ts": {"path":"C:\\Users\\noell\\Downloads\\NastaLektionApiV1\\NastaLektionApiV1\\src\\index.ts","statementMap":{"0":{"start":{"line":1,"column":0},"end":{"line":1,"column":62}},"1":{"start":{"line":2,"column":0},"end":{"line":2,"column":28}},"2":{"start":{"line":3,"column":0},"end":{"line":3,"column":37}},"3":{"start":{"line":4,"column":0},"end":{"line":4,"column":48}},"4":{"start":{"line":5,"column":0},"end":{"line":5,"column":16}},"5":{"start":{"line":7,"column":21},"end":{"line":7,"column":30}},"6":{"start":{"line":17,"column":16},"end":{"line":17,"column":27}},"7":{"start":{"line":8,"column":13},"end":{"line":8,"column":37}},"8":{"start":{"line":10,"column":0},"end":{"line":10,"column":27}},"9":{"start":{"line":11,"column":0},"end":{"line":11,"column":51}},"10":{"start":{"line":12,"column":0},"end":{"line":12,"column":23}},"11":{"start":{"line":14,"column":0},"end":{"line":16,"column":3}},"12":{"start":{"line":15,"column":2},"end":{"line":15,"column":73}}},"fnMap":{"0":{"name":"(anonymous_1)","decl":{"start":{"line":14,"column":17},"end":{"line":14,"column":20}},"loc":{"start":{"line":14,"column":22},"end":{"line":16,"column":1}}}},"branchMap":{"0":{"loc":{"start":{"line":8,"column":13},"end":{"line":8,"column":37}},"type":"binary-expr","locations":[{"start":{"line":8,"column":13},"end":{"line":8,"column":29}},{"start":{"line":8,"column":33},"end":{"line":8,"column":37}}]}},"s":{"0":1,"1":1,"2":1,"3":1,"4":1,"5":1,"6":1,"7":1,"8":1,"9":1,"10":1,"11":1,"12":0},"f":{"0":0},"b":{"0":[1,1]}}
,"C:\\Users\\noell\\Downloads\\NastaLektionApiV1\\NastaLektionApiV1\\src\\functions\\azconverter.functions.ts": {"path":"C:\\Users\\noell\\Downloads\\NastaLektionApiV1\\NastaLektionApiV1\\src\\functions\\azconverter.functions.ts","statementMap":{"0":{"start":{"line":1,"column":48},"end":{"line":8,"column":2}},"1":{"start":{"line":10,"column":23},"end":{"line":19,"column":1}},"2":{"start":{"line":11,"column":24},"end":{"line":16,"column":30}},"3":{"start":{"line":13,"column":23},"end":{"line":13,"column":49}},"4":{"start":{"line":18,"column":4},"end":{"line":18,"column":23}},"5":{"start":{"line":10,"column":13},"end":{"line":10,"column":23}}},"fnMap":{"0":{"name":"(anonymous_0)","decl":{"start":{"line":10,"column":23},"end":{"line":10,"column":24}},"loc":{"start":{"line":10,"column":48},"end":{"line":19,"column":1}}},"1":{"name":"(anonymous_1)","decl":{"start":{"line":13,"column":13},"end":{"line":13,"column":14}},"loc":{"start":{"line":13,"column":23},"end":{"line":13,"column":49}}}},"branchMap":{"0":{"loc":{"start":{"line":13,"column":23},"end":{"line":13,"column":49}},"type":"binary-expr","locations":[{"start":{"line":13,"column":23},"end":{"line":13,"column":41}},{"start":{"line":13,"column":45},"end":{"line":13,"column":49}}]}},"s":{"0":1,"1":1,"2":0,"3":0,"4":0,"5":1},"f":{"0":0,"1":0},"b":{"0":[0,0]}}
,"C:\\Users\\noell\\Downloads\\NastaLektionApiV1\\NastaLektionApiV1\\src\\functions\\classes.functions.ts": {"path":"C:\\Users\\noell\\Downloads\\NastaLektionApiV1\\NastaLektionApiV1\\src\\functions\\classes.functions.ts","statementMap":{"0":{"start":{"line":1,"column":0},"end":{"line":1,"column":26}},"1":{"start":{"line":2,"column":0},"end":{"line":2,"column":66}},"2":{"start":{"line":4,"column":26},"end":{"line":36,"column":null}},"3":{"start":{"line":4,"column":94},"end":{"line":36,"column":null}},"4":{"start":{"line":5,"column":4},"end":{"line":5,"column":40}},"5":{"start":{"line":6,"column":4},"end":{"line":35,"column":5}},"6":{"start":{"line":7,"column":25},"end":{"line":25,"column":10}},"7":{"start":{"line":26,"column":8},"end":{"line":30,"column":9}},"8":{"start":{"line":27,"column":12},"end":{"line":27,"column":81}},"9":{"start":{"line":29,"column":12},"end":{"line":29,"column":38}},"10":{"start":{"line":33,"column":8},"end":{"line":33,"column":56}},"11":{"start":{"line":34,"column":8},"end":{"line":34,"column":18}},"12":{"start":{"line":4,"column":13},"end":{"line":4,"column":26}}},"fnMap":{"0":{"name":"(anonymous_14)","decl":{"start":{"line":4,"column":26},"end":{"line":4,"column":33}},"loc":{"start":{"line":4,"column":94},"end":{"line":36,"column":null}}},"1":{"name":"(anonymous_15)","decl":{"start":{"line":4,"column":94},"end":{"line":4,"column":null}},"loc":{"start":{"line":4,"column":94},"end":{"line":36,"column":1}}}},"branchMap":{"0":{"loc":{"start":{"line":26,"column":8},"end":{"line":30,"column":9}},"type":"if","locations":[{"start":{"line":26,"column":8},"end":{"line":30,"column":9}},{"start":{"line":28,"column":15},"end":{"line":30,"column":9}}]},"1":{"loc":{"start":{"line":26,"column":12},"end":{"line":26,"column":67}},"type":"binary-expr","locations":[{"start":{"line":26,"column":12},"end":{"line":26,"column":35}},{"start":{"line":26,"column":39},"end":{"line":26,"column":67}}]},"2":{"loc":{"start":{"line":27,"column":28},"end":{"line":27,"column":79}},"type":"binary-expr","locations":[{"start":{"line":27,"column":28},"end":{"line":27,"column":60}},{"start":{"line":27,"column":64},"end":{"line":27,"column":79}}]},"3":{"loc":{"start":{"line":27,"column":28},"end":{"line":27,"column":60}},"type":"cond-expr","locations":[{"start":{"line":27,"column":51},"end":{"line":27,"column":53}},{"start":{"line":27,"column":51},"end":{"line":27,"column":60}}]},"4":{"loc":{"start":{"line":27,"column":28},"end":{"line":27,"column":53}},"type":"binary-expr","locations":[{"start":{"line":27,"column":28},"end":{"line":27,"column":53}},{"start":{"line":27,"column":51},"end":{"line":27,"column":53}}]}},"s":{"0":1,"1":1,"2":1,"3":0,"4":0,"5":0,"6":0,"7":0,"8":0,"9":0,"10":0,"11":0,"12":1},"f":{"0":0,"1":0},"b":{"0":[0,0],"1":[0,0],"2":[0,0],"3":[0,0],"4":[0,0]}}
,"C:\\Users\\noell\\Downloads\\NastaLektionApiV1\\NastaLektionApiV1\\src\\functions\\municipalities.functions.ts": {"path":"C:\\Users\\noell\\Downloads\\NastaLektionApiV1\\NastaLektionApiV1\\src\\functions\\municipalities.functions.ts","statementMap":{"0":{"start":{"line":2,"column":0},"end":{"line":2,"column":20}},"1":{"start":{"line":4,"column":33},"end":{"line":14,"column":null}},"2":{"start":{"line":4,"column":69},"end":{"line":14,"column":null}},"3":{"start":{"line":5,"column":4},"end":{"line":13,"column":7}},"4":{"start":{"line":6,"column":8},"end":{"line":12,"column":11}},"5":{"start":{"line":7,"column":12},"end":{"line":11,"column":13}},"6":{"start":{"line":8,"column":16},"end":{"line":8,"column":28}},"7":{"start":{"line":10,"column":16},"end":{"line":10,"column":42}},"8":{"start":{"line":4,"column":13},"end":{"line":4,"column":33}}},"fnMap":{"0":{"name":"(anonymous_8)","decl":{"start":{"line":4,"column":33},"end":{"line":4,"column":67}},"loc":{"start":{"line":4,"column":69},"end":{"line":14,"column":null}}},"1":{"name":"(anonymous_9)","decl":{"start":{"line":4,"column":69},"end":{"line":4,"column":null}},"loc":{"start":{"line":4,"column":69},"end":{"line":14,"column":1}}},"2":{"name":"(anonymous_10)","decl":{"start":{"line":5,"column":23},"end":{"line":5,"column":24}},"loc":{"start":{"line":5,"column":43},"end":{"line":13,"column":5}}},"3":{"name":"(anonymous_11)","decl":{"start":{"line":6,"column":60},"end":{"line":6,"column":61}},"loc":{"start":{"line":6,"column":74},"end":{"line":12,"column":9}}}},"branchMap":{"0":{"loc":{"start":{"line":7,"column":12},"end":{"line":11,"column":13}},"type":"if","locations":[{"start":{"line":7,"column":12},"end":{"line":11,"column":13}},{"start":{"line":9,"column":19},"end":{"line":11,"column":13}}]}},"s":{"0":1,"1":1,"2":0,"3":0,"4":0,"5":0,"6":0,"7":0,"8":1},"f":{"0":0,"1":0,"2":0,"3":0},"b":{"0":[0,0]}}
,"C:\\Users\\noell\\Downloads\\NastaLektionApiV1\\NastaLektionApiV1\\src\\functions\\school.functions.ts": {"path":"C:\\Users\\noell\\Downloads\\NastaLektionApiV1\\NastaLektionApiV1\\src\\functions\\school.functions.ts","statementMap":{"0":{"start":{"line":1,"column":0},"end":{"line":1,"column":26}},"1":{"start":{"line":2,"column":0},"end":{"line":2,"column":66}},"2":{"start":{"line":4,"column":26},"end":{"line":26,"column":2}},"3":{"start":{"line":4,"column":74},"end":{"line":26,"column":2}},"4":{"start":{"line":5,"column":4},"end":{"line":25,"column":5}},"5":{"start":{"line":6,"column":25},"end":{"line":13,"column":10}},"6":{"start":{"line":15,"column":30},"end":{"line":15,"column":81}},"7":{"start":{"line":17,"column":8},"end":{"line":19,"column":9}},"8":{"start":{"line":18,"column":12},"end":{"line":18,"column":81}},"9":{"start":{"line":21,"column":8},"end":{"line":21,"column":35}},"10":{"start":{"line":23,"column":8},"end":{"line":23,"column":56}},"11":{"start":{"line":24,"column":8},"end":{"line":24,"column":18}},"12":{"start":{"line":4,"column":13},"end":{"line":4,"column":26}}},"fnMap":{"0":{"name":"(anonymous_14)","decl":{"start":{"line":4,"column":26},"end":{"line":4,"column":33}},"loc":{"start":{"line":4,"column":74},"end":{"line":26,"column":2}}},"1":{"name":"(anonymous_15)","decl":{"start":{"line":4,"column":74},"end":{"line":4,"column":null}},"loc":{"start":{"line":4,"column":74},"end":{"line":26,"column":1}}}},"branchMap":{"0":{"loc":{"start":{"line":15,"column":30},"end":{"line":15,"column":81}},"type":"cond-expr","locations":[{"start":{"line":15,"column":48},"end":{"line":15,"column":50}},{"start":{"line":15,"column":48},"end":{"line":15,"column":81}}]},"1":{"loc":{"start":{"line":15,"column":30},"end":{"line":15,"column":50}},"type":"binary-expr","locations":[{"start":{"line":15,"column":30},"end":{"line":15,"column":50}},{"start":{"line":15,"column":48},"end":{"line":15,"column":50}}]},"2":{"loc":{"start":{"line":17,"column":8},"end":{"line":19,"column":9}},"type":"if","locations":[{"start":{"line":17,"column":8},"end":{"line":19,"column":9}}]},"3":{"loc":{"start":{"line":17,"column":12},"end":{"line":17,"column":85}},"type":"binary-expr","locations":[{"start":{"line":17,"column":12},"end":{"line":17,"column":26}},{"start":{"line":17,"column":30},"end":{"line":17,"column":53}},{"start":{"line":17,"column":57},"end":{"line":17,"column":85}}]},"4":{"loc":{"start":{"line":18,"column":28},"end":{"line":18,"column":79}},"type":"binary-expr","locations":[{"start":{"line":18,"column":28},"end":{"line":18,"column":60}},{"start":{"line":18,"column":64},"end":{"line":18,"column":79}}]},"5":{"loc":{"start":{"line":18,"column":28},"end":{"line":18,"column":60}},"type":"cond-expr","locations":[{"start":{"line":18,"column":51},"end":{"line":18,"column":53}},{"start":{"line":18,"column":51},"end":{"line":18,"column":60}}]},"6":{"loc":{"start":{"line":18,"column":28},"end":{"line":18,"column":53}},"type":"binary-expr","locations":[{"start":{"line":18,"column":28},"end":{"line":18,"column":53}},{"start":{"line":18,"column":51},"end":{"line":18,"column":53}}]}},"s":{"0":1,"1":1,"2":1,"3":0,"4":0,"5":0,"6":0,"7":0,"8":0,"9":0,"10":0,"11":0,"12":1},"f":{"0":0,"1":0},"b":{"0":[0,0],"1":[0,0],"2":[0],"3":[0,0,0],"4":[0,0],"5":[0,0],"6":[0,0]}}
,"C:\\Users\\noell\\Downloads\\NastaLektionApiV1\\NastaLektionApiV1\\src\\routes\\config.routes.ts": {"path":"C:\\Users\\noell\\Downloads\\NastaLektionApiV1\\NastaLektionApiV1\\src\\routes\\config.routes.ts","statementMap":{"0":{"start":{"line":1,"column":0},"end":{"line":1,"column":63}},"1":{"start":{"line":2,"column":0},"end":{"line":2,"column":59}},"2":{"start":{"line":3,"column":0},"end":{"line":3,"column":72}},"3":{"start":{"line":4,"column":0},"end":{"line":4,"column":32}},"4":{"start":{"line":5,"column":0},"end":{"line":5,"column":60}},"5":{"start":{"line":6,"column":14},"end":{"line":6,"column":33}},"6":{"start":{"line":9,"column":13},"end":{"line":9,"column":null}},"7":{"start":{"line":11,"column":0},"end":{"line":14,"column":3}},"8":{"start":{"line":11,"column":68},"end":{"line":14,"column":2}},"9":{"start":{"line":12,"column":27},"end":{"line":12,"column":67}},"10":{"start":{"line":13,"column":4},"end":{"line":13,"column":41}},"11":{"start":{"line":16,"column":0},"end":{"line":28,"column":3}},"12":{"start":{"line":16,"column":90},"end":{"line":28,"column":2}},"13":{"start":{"line":17,"column":4},"end":{"line":27,"column":5}},"14":{"start":{"line":18,"column":27},"end":{"line":18,"column":44}},"15":{"start":{"line":19,"column":24},"end":{"line":19,"column":52}},"16":{"start":{"line":20,"column":8},"end":{"line":24,"column":9}},"17":{"start":{"line":21,"column":12},"end":{"line":21,"column":53}},"18":{"start":{"line":23,"column":12},"end":{"line":23,"column":42}},"19":{"start":{"line":26,"column":8},"end":{"line":26,"column":36}},"20":{"start":{"line":30,"column":0},"end":{"line":50,"column":3}},"21":{"start":{"line":30,"column":87},"end":{"line":50,"column":2}},"22":{"start":{"line":31,"column":4},"end":{"line":49,"column":5}},"23":{"start":{"line":32,"column":29},"end":{"line":32,"column":60}},"24":{"start":{"line":33,"column":25},"end":{"line":33,"column":52}},"25":{"start":{"line":35,"column":8},"end":{"line":38,"column":9}},"26":{"start":{"line":36,"column":12},"end":{"line":36,"column":61}},"27":{"start":{"line":37,"column":12},"end":{"line":37,"column":19}},"28":{"start":{"line":40,"column":24},"end":{"line":40,"column":64}},"29":{"start":{"line":41,"column":8},"end":{"line":45,"column":9}},"30":{"start":{"line":42,"column":12},"end":{"line":42,"column":53}},"31":{"start":{"line":44,"column":12},"end":{"line":44,"column":42}},"32":{"start":{"line":48,"column":8},"end":{"line":48,"column":36}}},"fnMap":{"0":{"name":"(anonymous_14)","decl":{"start":{"line":11,"column":30},"end":{"line":11,"column":37}},"loc":{"start":{"line":11,"column":68},"end":{"line":14,"column":2}}},"1":{"name":"(anonymous_15)","decl":{"start":{"line":11,"column":68},"end":{"line":11,"column":null}},"loc":{"start":{"line":11,"column":68},"end":{"line":14,"column":1}}},"2":{"name":"(anonymous_16)","decl":{"start":{"line":16,"column":51},"end":{"line":16,"column":59}},"loc":{"start":{"line":16,"column":90},"end":{"line":28,"column":2}}},"3":{"name":"(anonymous_17)","decl":{"start":{"line":16,"column":90},"end":{"line":16,"column":null}},"loc":{"start":{"line":16,"column":90},"end":{"line":28,"column":1}}},"4":{"name":"(anonymous_18)","decl":{"start":{"line":30,"column":49},"end":{"line":30,"column":56}},"loc":{"start":{"line":30,"column":87},"end":{"line":50,"column":2}}},"5":{"name":"(anonymous_19)","decl":{"start":{"line":30,"column":87},"end":{"line":30,"column":null}},"loc":{"start":{"line":30,"column":87},"end":{"line":50,"column":1}}}},"branchMap":{"0":{"loc":{"start":{"line":20,"column":8},"end":{"line":24,"column":9}},"type":"if","locations":[{"start":{"line":20,"column":8},"end":{"line":24,"column":9}},{"start":{"line":22,"column":15},"end":{"line":24,"column":9}}]},"1":{"loc":{"start":{"line":35,"column":8},"end":{"line":38,"column":9}},"type":"if","locations":[{"start":{"line":35,"column":8},"end":{"line":38,"column":9}}]},"2":{"loc":{"start":{"line":35,"column":12},"end":{"line":35,"column":38}},"type":"binary-expr","locations":[{"start":{"line":35,"column":12},"end":{"line":35,"column":25}},{"start":{"line":35,"column":29},"end":{"line":35,"column":38}}]},"3":{"loc":{"start":{"line":41,"column":8},"end":{"line":45,"column":9}},"type":"if","locations":[{"start":{"line":41,"column":8},"end":{"line":45,"column":9}},{"start":{"line":43,"column":15},"end":{"line":45,"column":9}}]}},"s":{"0":1,"1":1,"2":1,"3":1,"4":1,"5":1,"6":1,"7":1,"8":0,"9":0,"10":0,"11":1,"12":0,"13":0,"14":0,"15":0,"16":0,"17":0,"18":0,"19":0,"20":1,"21":0,"22":0,"23":0,"24":0,"25":0,"26":0,"27":0,"28":0,"29":0,"30":0,"31":0,"32":0},"f":{"0":0,"1":0,"2":0,"3":0,"4":0,"5":0},"b":{"0":[0,0],"1":[0],"2":[0,0],"3":[0,0]}}
}
